<?xml version="1.0" encoding="UTF-8"?>
<!-- Generated by org.testng.reporters.JUnitXMLReporter -->
<testsuite ignored="0" hostname="DESKTOP-1U4P8N0" failures="0" tests="4" name="Default test" time="8.323" errors="0" timestamp="2023-09-09T22:31:11 IST">
  <testcase classname="api.test.UserTest" name="testPostUser" time="3.213"/>
  <testcase classname="api.test.UserTest" name="testGetUser" time="1.212"/>
  <testcase classname="api.test.UserTest" name="testUpdateUser" time="2.447"/>
  <testcase classname="api.test.UserTest" name="testDeleteUser" time="1.188"/>
</testsuite> <!-- Default test -->
