<?xml version="1.0" encoding="UTF-8"?>
<!-- Generated by org.testng.reporters.JUnitXMLReporter -->
<testsuite ignored="0" hostname="DESKTOP-1U4P8N0" failures="0" tests="4" name="Test" time="9.851" errors="0" timestamp="2023-09-10T22:43:40 IST">
  <testcase classname="api.test.UserTest" name="testPostUser" time="3.731"/>
  <testcase classname="api.test.UserTest" name="testGetUser" time="1.22"/>
  <testcase classname="api.test.UserTest" name="testUpdateUser" time="2.473"/>
  <testcase classname="api.test.UserTest" name="testDeleteUser" time="1.215"/>
</testsuite> <!-- Test -->
