<?xml version="1.0" encoding="UTF-8"?>
<!-- Generated by org.testng.reporters.JUnitXMLReporter -->
<testsuite ignored="0" hostname="DESKTOP-1U4P8N0" failures="0" tests="4" name="Test" time="15.407" errors="0" timestamp="2023-09-12T22:26:42 IST">
  <testcase classname="api.test.UserTest" name="testPostUser" time="7.61"/>
  <testcase classname="api.test.UserTest" name="testGetUser" time="1.312"/>
  <testcase classname="api.test.UserTest" name="testUpdateUser" time="2.532"/>
  <testcase classname="api.test.UserTest" name="testDeleteUser" time="1.25"/>
</testsuite> <!-- Test -->
