<?xml version="1.0" encoding="UTF-8"?>
<testng-results ignored="0" total="4" passed="4" failed="0" skipped="0">
  <reporter-output>
  </reporter-output>
  <suite started-at="2023-09-12T22:26:26 IST" name="Suite" finished-at="2023-09-12T22:26:41 IST" duration-ms="15407">
    <groups>
    </groups>
    <test started-at="2023-09-12T22:26:26 IST" name="Test" finished-at="2023-09-12T22:26:41 IST" duration-ms="15407">
      <class name="api.test.UserTest">
        <test-method is-config="true" signature="setup()[pri:0, instance:api.test.UserTest@62150f9e]" started-at="2023-09-12T22:26:26 IST" name="setup" finished-at="2023-09-12T22:26:28 IST" duration-ms="2046" status="PASS">
          <reporter-output>
          </reporter-output>
        </test-method> <!-- setup -->
        <test-method signature="testPostUser()[pri:1, instance:api.test.UserTest@62150f9e]" started-at="2023-09-12T22:26:28 IST" name="testPostUser" finished-at="2023-09-12T22:26:36 IST" duration-ms="7610" status="PASS">
          <reporter-output>
          </reporter-output>
        </test-method> <!-- testPostUser -->
        <test-method signature="testGetUser()[pri:2, instance:api.test.UserTest@62150f9e]" started-at="2023-09-12T22:26:36 IST" name="testGetUser" finished-at="2023-09-12T22:26:37 IST" duration-ms="1312" status="PASS">
          <reporter-output>
          </reporter-output>
        </test-method> <!-- testGetUser -->
        <test-method signature="testUpdateUser()[pri:3, instance:api.test.UserTest@62150f9e]" started-at="2023-09-12T22:26:37 IST" name="testUpdateUser" finished-at="2023-09-12T22:26:40 IST" duration-ms="2532" status="PASS">
          <reporter-output>
          </reporter-output>
        </test-method> <!-- testUpdateUser -->
        <test-method signature="testDeleteUser()[pri:4, instance:api.test.UserTest@62150f9e]" started-at="2023-09-12T22:26:40 IST" name="testDeleteUser" finished-at="2023-09-12T22:26:41 IST" duration-ms="1250" status="PASS">
          <reporter-output>
          </reporter-output>
        </test-method> <!-- testDeleteUser -->
      </class> <!-- api.test.UserTest -->
    </test> <!-- Test -->
  </suite> <!-- Suite -->
</testng-results>
